2022-03-25 05:32:38 260c InnoDB: Warning: Using innodb_additional_mem_pool_size is DEPRECATED. This option may be removed in future releases, together with the option innodb_use_sys_malloc and with the InnoDB's internal memory allocator.
2022-03-25  5:32:38 9740 [Note] InnoDB: innodb_empty_free_list_algorithm has been changed to legacy because of small buffer pool size. In order to use backoff, increase buffer pool at least up to 20MB.

2022-03-25  5:32:38 9740 [Note] InnoDB: Using mutexes to ref count buffer pool pages
2022-03-25  5:32:38 9740 [Note] InnoDB: The InnoDB memory heap is disabled
2022-03-25  5:32:39 9740 [Note] InnoDB: Mutexes and rw_locks use Windows interlocked functions
2022-03-25  5:32:39 9740 [Note] InnoDB: _mm_lfence() and _mm_sfence() are used for memory barrier
2022-03-25  5:32:39 9740 [Note] InnoDB: Compressed tables use zlib 1.2.11
2022-03-25  5:32:39 9740 [Note] InnoDB: Using generic crc32 instructions
2022-03-25  5:32:39 9740 [Note] InnoDB: Initializing buffer pool, size = 16.0M
2022-03-25  5:32:39 9740 [Note] InnoDB: Completed initialization of buffer pool
2022-03-25  5:32:39 9740 [Note] InnoDB: Highest supported file format is Barracuda.
2022-03-25  5:32:41 9740 [Note] InnoDB: 128 rollback segment(s) are active.
2022-03-25  5:32:41 9740 [Note] InnoDB: Waiting for purge to start
2022-03-25  5:32:41 9740 [Note] InnoDB:  Percona XtraDB (http://www.percona.com) 5.6.41-84.1 started; log sequence number 1762799
2022-03-25  5:32:42 10892 [Note] InnoDB: Dumping buffer pool(s) not yet started
2022-03-25  5:32:42 9740 [Note] Plugin 'FEEDBACK' is disabled.
2022-03-25  5:32:42 9740 [Note] Server socket created on IP: '::'.
2022-03-25  5:32:42 9740 [ERROR] Can't start server: Bind on TCP/IP port. Got error: 10048: Only one usage of each socket address (protocol/network address/port) is normally permitted.

2022-03-25  5:32:42 9740 [ERROR] Do you already have another mysqld server running on port: 3306 ?
2022-03-25  5:32:42 9740 [ERROR] Aborting

2022-03-25 05:56:48 37e0 InnoDB: Warning: Using innodb_additional_mem_pool_size is DEPRECATED. This option may be removed in future releases, together with the option innodb_use_sys_malloc and with the InnoDB's internal memory allocator.
2022-03-25  5:56:48 14304 [Note] InnoDB: innodb_empty_free_list_algorithm has been changed to legacy because of small buffer pool size. In order to use backoff, increase buffer pool at least up to 20MB.

2022-03-25  5:56:48 14304 [Note] InnoDB: Using mutexes to ref count buffer pool pages
2022-03-25  5:56:48 14304 [Note] InnoDB: The InnoDB memory heap is disabled
2022-03-25  5:56:48 14304 [Note] InnoDB: Mutexes and rw_locks use Windows interlocked functions
2022-03-25  5:56:48 14304 [Note] InnoDB: _mm_lfence() and _mm_sfence() are used for memory barrier
2022-03-25  5:56:48 14304 [Note] InnoDB: Compressed tables use zlib 1.2.11
2022-03-25  5:56:48 14304 [Note] InnoDB: Using generic crc32 instructions
2022-03-25  5:56:48 14304 [Note] InnoDB: Initializing buffer pool, size = 16.0M
2022-03-25  5:56:48 14304 [Note] InnoDB: Completed initialization of buffer pool
2022-03-25  5:56:48 14304 [Note] InnoDB: Highest supported file format is Barracuda.
2022-03-25  5:56:49 14304 [Note] InnoDB: 128 rollback segment(s) are active.
2022-03-25  5:56:49 14304 [Note] InnoDB: Waiting for purge to start
2022-03-25  5:56:49 14304 [Note] InnoDB:  Percona XtraDB (http://www.percona.com) 5.6.41-84.1 started; log sequence number 1762809
2022-03-25  5:56:49 9000 [Note] InnoDB: Dumping buffer pool(s) not yet started
2022-03-25  5:56:49 14304 [Note] Plugin 'FEEDBACK' is disabled.
2022-03-25  5:56:49 14304 [Note] Server socket created on IP: '::'.
2022-03-25  5:56:49 14304 [Note] c:\xampplite\mysql\bin\mysqld.exe: ready for connections.
Version: '10.1.37-MariaDB'  socket: ''  port: 3306  mariadb.org binary distribution
